INFO:__main__:Test
INFO:__main__:Test
INFO:root:Test
INFO:spell_index:Beans Farm:
INFO:spell_index:     Started At: 2025-01-31, at 02:10:37 PM
INFO:spell_index:Attempt Number: 1
INFO:spell_index:Beans Farm:
INFO:spell_index:     Started At: 2025-01-31, at 02:11:01 PM
INFO:spell_index:     Attempt Number: 1
INFO:spell_index:Beans Farm:
INFO:spell_index:     Started At: 2025-02-01, at 02:35:01 PM
INFO:spell_index:     Attempt Number: 1
INFO:spell_index:Time Passed: 972.2359936237335 Seconds
INFO:spell_index:     Attempt Number: 2
INFO:spell_index:Beans Farm:
INFO:spell_index:     Started At: 2025-02-01, at 03:06:20 PM
INFO:spell_index:     Attempt Number: 1
INFO:spell_index:     Time Passed: 1015.2142565250397 Seconds
INFO:spell_index:     Attempt Number: 2
INFO:spell_index:Beans Farm:
INFO:spell_index:     Started At: 2025-02-01, at 04:26:52 PM
INFO:spell_index:     Attempt Number: 1
INFO:spell_index:Beans Farm:
INFO:spell_index:     Started At: 2025-02-01, at 04:27:05 PM
INFO:spell_index:     Attempt Number: 1
INFO:spell_index:     Time Passed: 861.3479039669037 Seconds
INFO:spell_index:     Attempt Number: 2
INFO:spell_index:     Time Passed: 1144.3939526081085 Seconds
INFO:spell_index:     Attempt Number: 3
INFO:spell_index:Beans Farm:
INFO:spell_index:     Started At: 2025-02-01, at 05:22:13 PM
INFO:spell_index:     Attempt Number: 1
INFO:spell_index:     Attempt Number: 1
INFO:spell_index:Beans Farm:
INFO:spell_index:     Started At: 2025-02-02, at 07:24:34 PM
INFO:spell_index:     Attempt Number: 1
INFO:spell_index:     Attempt Number: 1
INFO:spell_index:     Time Passed: 942.2404210567474 Seconds
INFO:spell_index:     Attempt Number: 2
INFO:spell_index:Beans Farm:
INFO:spell_index:     Started At: 2025-02-02, at 08:01:42 PM
INFO:spell_index:     Attempt Number: 1
INFO:spell_index:     Time Passed: 977.2791135311127 Seconds
INFO:spell_index:     Attempt Number: 2
INFO:spell_index:     Time Passed: 955.0649597644806 Seconds
INFO:spell_index:     Attempt Number: 3
INFO:spell_index:Beans Farm:
INFO:spell_index:     Started At: 2025-02-10, at 11:05:57 PM
INFO:spell_index:     Attempt Number: 1
INFO:spell_index:Beans Farm:
INFO:spell_index:     Started At: 2025-02-10, at 11:11:13 PM
INFO:spell_index:     Attempt Number: 1
INFO:spell_index:Beans Farm:
INFO:spell_index:     Started At: 2025-02-10, at 11:17:45 PM
INFO:spell_index:     Attempt Number: 1
INFO:spell_index:     Time Passed: 1287.9173328876495 Seconds
INFO:spell_index:     Attempt Number: 2
INFO:spell_index:Beans Farm:
INFO:spell_index:     Started At: 2025-02-11, at 09:12:10 AM
INFO:spell_index:     Attempt Number: 1
INFO:spell_index:Beans Farm:
INFO:spell_index:     Started At: 2025-02-11, at 09:25:49 AM
INFO:spell_index:     Attempt Number: 1
INFO:spell_index:     Time Passed: 837.7595655918121 Seconds
INFO:spell_index:     Attempt Number: 2
INFO:spell_index:Beans Farm:
INFO:spell_index:     Started At: 2025-02-11, at 10:44:29 AM
INFO:spell_index:     Attempt Number: 1
INFO:spell_index:     Time Passed: 1032.619626045227 Seconds
INFO:spell_index:     Attempt Number: 2
INFO:spell_index:     Time Passed: 993.0332765579224 Seconds
INFO:spell_index:     Attempt Number: 3
INFO:spell_index:     Attempt Number: 1
INFO:spell_index:     Time Passed: 836.6854383945465 Seconds
INFO:spell_index:     Attempt Number: 2
INFO:spell_index:Beans Farm:
INFO:spell_index:     Started At: 2025-02-11, at 12:04:39 PM
INFO:spell_index:     Attempt Number: 1
INFO:spell_index:Beans Farm:
INFO:spell_index:     Started At: 2025-02-11, at 03:27:52 PM
INFO:spell_index:Beans Farm:
INFO:spell_index:     Started At: 2025-02-11, at 03:29:30 PM
INFO:spell_index:     Attempt Number: 1
INFO:spell_index:Beans Farm:
INFO:spell_index:     Started At: 2025-02-11, at 03:33:17 PM
INFO:spell_index:     Attempt Number: 1
INFO:spell_index:     Time Passed: 1226.977077960968 Seconds
INFO:spell_index:     Attempt Number: 2
INFO:spell_index:     Time Passed: 1014.6428680419922 Seconds
INFO:spell_index:     Attempt Number: 3
INFO:spell_index:Beans Farm:
INFO:spell_index:     Started At: 2025-02-11, at 05:44:12 PM
INFO:spell_index:     Attempt Number: 1
INFO:spell_index:     Time Passed: 1009.6201190948486 Seconds
INFO:spell_index:     Attempt Number: 2
INFO:spell_index:Beans Farm:
INFO:spell_index:     Started At: 2025-02-11, at 07:54:02 PM
INFO:spell_index:     Attempt Number: 1
INFO:spell_index:Beans Farm:
INFO:spell_index:     Started At: 2025-02-11, at 08:40:46 PM
INFO:spell_index:Beans Farm:
INFO:spell_index:     Started At: 2025-02-11, at 08:40:57 PM
INFO:spell_index:Beans Farm:
INFO:spell_index:     Started At: 2025-02-11, at 08:42:16 PM
INFO:spell_index:Beans Farm:
INFO:spell_index:     Started At: 2025-02-11, at 08:43:04 PM
INFO:spell_index:Beans Farm:
INFO:spell_index:     Started At: 2025-02-11, at 08:44:08 PM
INFO:spell_index:Beans Farm:
INFO:spell_index:     Started At: 2025-02-11, at 08:45:55 PM
INFO:spell_index:Beans Farm:
INFO:spell_index:     Started At: 2025-02-11, at 08:47:49 PM
INFO:spell_index:     Attempt Number: 1
INFO:spell_index:Beans Farm:
INFO:spell_index:     Started At: 2025-02-11, at 08:48:16 PM
INFO:spell_index:Beans Farm:
INFO:spell_index:     Started At: 2025-02-11, at 08:48:26 PM
INFO:spell_index:Beans Farm:
INFO:spell_index:     Started At: 2025-02-11, at 08:49:08 PM
INFO:spell_index:     Attempt Number: 1
INFO:spell_index:Beans Farm:
INFO:spell_index:     Started At: 2025-02-11, at 08:50:04 PM
INFO:spell_index:Beans Farm:
INFO:spell_index:     Started At: 2025-02-11, at 08:50:10 PM
INFO:spell_index:Beans Farm:
INFO:spell_index:     Started At: 2025-02-11, at 08:50:33 PM
INFO:spell_index:Beans Farm:
INFO:spell_index:     Started At: 2025-02-11, at 10:01:47 PM
INFO:spell_index:Beans Farm:
INFO:spell_index:     Started At: 2025-02-11, at 10:02:17 PM
INFO:spell_index:Beans Farm:
INFO:spell_index:     Started At: 2025-02-11, at 10:03:03 PM
INFO:spell_index:Beans Farm:
INFO:spell_index:     Started At: 2025-02-11, at 10:04:05 PM
INFO:spell_index:     Attempt Number: 1
INFO:spell_index:Beans Farm:
INFO:spell_index:     Started At: 2025-02-14, at 05:39:23 PM
INFO:spell_index:     Attempt Number: 1
INFO:spell_index:Beans Farm:
INFO:spell_index:     Started At: 2025-02-14, at 08:36:48 PM
INFO:spell_index:     Attempt Number: 1
INFO:spell_index:     Attempt Number: 1
INFO:spell_index:Beans Farm:
INFO:spell_index:     Started At: 2025-02-24, at 05:29:10 PM
INFO:spell_index:     Attempt Number: 1
INFO:spell_index:     Time Passed: 981.4490053653717 Seconds
INFO:spell_index:     Attempt Number: 2
INFO:spell_index:     Time Passed: 1090.628882408142 Seconds
INFO:spell_index:     Attempt Number: 3
INFO:spell_index:Beans Farm:
INFO:spell_index:     Started At: 2025-02-24, at 06:13:12 PM
INFO:spell_index:     Attempt Number: 1
INFO:spell_index:Beans Farm:
INFO:spell_index:     Started At: 2025-02-24, at 06:37:31 PM
INFO:spell_index:     Attempt Number: 1
INFO:spell_index:     Time Passed: 1061.067209482193 Seconds
INFO:spell_index:     Attempt Number: 2
INFO:spell_index:Beans Farm:
INFO:spell_index:     Started At: 2025-02-24, at 08:01:56 PM
INFO:spell_index:     Attempt Number: 1
INFO:spell_index:     Time Passed: 974.4916398525238 Seconds
INFO:spell_index:     Attempt Number: 2
INFO:spell_index:     Attempt Number: 1
INFO:spell_index:     Attempt Number: 1
INFO:spell_index:     Time Passed: 1005.85626745224 Seconds
INFO:spell_index:     Attempt Number: 2
INFO:spell_index:     Attempt Number: 1
INFO:spell_index:     Attempt Number: 1
INFO:spell_index:     Attempt Number: 1
INFO:spell_index:     Time Passed: 1229.7335557937622 Seconds
INFO:spell_index:     Attempt Number: 2
INFO:spell_index:Beans Farm:
INFO:spell_index:     Started At: 2025-02-24, at 09:10:04 PM
INFO:spell_index:     Attempt Number: 1
INFO:spell_index:Beans Farm:
INFO:spell_index:     Started At: 2025-02-25, at 08:28:22 PM
INFO:spell_index:     Attempt Number: 1
INFO:spell_index:     Time Passed: 1010.2932736873627 Seconds
INFO:spell_index:     Attempt Number: 2
INFO:spell_index:Beans Farm:
INFO:spell_index:     Started At: 2025-02-25, at 08:52:42 PM
INFO:spell_index:     Attempt Number: 1
INFO:spell_index:Beans Farm:
INFO:spell_index:     Started At: 2025-02-25, at 09:10:59 PM
INFO:spell_index:     Attempt Number: 1
INFO:spell_index:     Time Passed: 955.4974834918976 Seconds
INFO:spell_index:     Attempt Number: 2
INFO:spell_index:     Time Passed: 1020.6144664287567 Seconds
INFO:spell_index:     Attempt Number: 3
INFO:spell_index:Beans Farm:
INFO:spell_index:     Started At: 2025-02-26, at 01:08:09 PM
INFO:spell_index:     Attempt Number: 1
INFO:spell_index:     Time Passed: 1176.5896220207214 Seconds
INFO:spell_index:     Attempt Number: 2
INFO:spell_index:Beans Farm:
INFO:spell_index:     Started At: 2025-02-26, at 01:42:29 PM
INFO:spell_index:     Attempt Number: 1
INFO:spell_index:     Time Passed: 1020.3244502544403 Seconds
INFO:spell_index:     Attempt Number: 2
INFO:spell_index:Beans Farm:
INFO:spell_index:     Started At: 2025-03-02, at 10:02:14 PM
INFO:spell_index:     Attempt Number: 1
INFO:spell_index:Beans Farm:
INFO:spell_index:     Started At: 2025-03-02, at 10:19:54 PM
INFO:spell_index:     Attempt Number: 1
